2022-06-24 01:13:37,865 INFO    MainThread:10980 [internal.py:wandb_internal():90] W&B internal server running at pid: 10980, started at: 2022-06-24 01:13:37.865419
2022-06-24 01:13:37,865 INFO    WriterThread:10980 [datastore.py:open_for_write():75] open: C:\Users\murth\Desktop\DkIT\Dissertation\Codes\trails\wandb\run-20220624_011335-zoyooo95\run-zoyooo95.wandb
2022-06-24 01:13:37,865 DEBUG   SenderThread:10980 [sender.py:send():235] send: header
2022-06-24 01:13:37,865 DEBUG   SenderThread:10980 [sender.py:send():235] send: run
2022-06-24 01:13:38,364 DEBUG   HandlerThread:10980 [handler.py:handle_request():141] handle_request: check_version
2022-06-24 01:13:38,380 INFO    SenderThread:10980 [dir_watcher.py:__init__():205] watching files in: C:\Users\murth\Desktop\DkIT\Dissertation\Codes\trails\wandb\run-20220624_011335-zoyooo95\files
2022-06-24 01:13:38,380 INFO    SenderThread:10980 [sender.py:_start_run_threads():812] run started: zoyooo95 with start time 1656029615
2022-06-24 01:13:38,380 DEBUG   SenderThread:10980 [sender.py:send():235] send: summary
2022-06-24 01:13:38,380 INFO    SenderThread:10980 [sender.py:_save_file():949] saving file wandb-summary.json with policy end
2022-06-24 01:13:38,380 DEBUG   SenderThread:10980 [sender.py:send_request():249] send_request: check_version
2022-06-24 01:13:38,723 DEBUG   HandlerThread:10980 [handler.py:handle_request():141] handle_request: run_start
2022-06-24 01:13:38,734 DEBUG   HandlerThread:10980 [meta.py:__init__():35] meta init
2022-06-24 01:13:38,737 DEBUG   HandlerThread:10980 [meta.py:__init__():49] meta init done
2022-06-24 01:13:38,737 DEBUG   HandlerThread:10980 [meta.py:probe():209] probe
2022-06-24 01:13:38,741 DEBUG   HandlerThread:10980 [meta.py:_setup_git():199] setup git
2022-06-24 01:13:38,789 DEBUG   HandlerThread:10980 [meta.py:_setup_git():206] setup git done
2022-06-24 01:13:38,789 DEBUG   HandlerThread:10980 [meta.py:_save_pip():53] save pip
2022-06-24 01:13:38,805 DEBUG   HandlerThread:10980 [meta.py:_save_pip():67] save pip done
2022-06-24 01:13:38,805 DEBUG   HandlerThread:10980 [meta.py:_save_conda():74] save conda
2022-06-24 01:13:39,396 INFO    Thread-11 :10980 [dir_watcher.py:_on_file_created():256] file/dir created: C:\Users\murth\Desktop\DkIT\Dissertation\Codes\trails\wandb\run-20220624_011335-zoyooo95\files\conda-environment.yaml
2022-06-24 01:13:39,396 INFO    Thread-11 :10980 [dir_watcher.py:_on_file_created():256] file/dir created: C:\Users\murth\Desktop\DkIT\Dissertation\Codes\trails\wandb\run-20220624_011335-zoyooo95\files\requirements.txt
2022-06-24 01:13:39,396 INFO    Thread-11 :10980 [dir_watcher.py:_on_file_created():256] file/dir created: C:\Users\murth\Desktop\DkIT\Dissertation\Codes\trails\wandb\run-20220624_011335-zoyooo95\files\wandb-summary.json
2022-06-24 01:13:44,433 INFO    Thread-11 :10980 [dir_watcher.py:_on_file_created():256] file/dir created: C:\Users\murth\Desktop\DkIT\Dissertation\Codes\trails\wandb\run-20220624_011335-zoyooo95\files\output.log
2022-06-24 01:13:52,917 DEBUG   HandlerThread:10980 [meta.py:_save_conda():84] save conda done
2022-06-24 01:13:52,917 DEBUG   HandlerThread:10980 [meta.py:probe():247] probe done
2022-06-24 01:13:53,152 DEBUG   HandlerThread:10980 [handler.py:handle_request():141] handle_request: stop_status
2022-06-24 01:13:53,152 DEBUG   SenderThread:10980 [sender.py:send_request():249] send_request: stop_status
2022-06-24 01:13:53,155 DEBUG   HandlerThread:10980 [handler.py:handle_request():141] handle_request: pause
2022-06-24 01:13:53,155 INFO    HandlerThread:10980 [handler.py:handle_request_pause():695] stopping system metrics thread
2022-06-24 01:13:53,471 INFO    Thread-11 :10980 [dir_watcher.py:_on_file_modified():269] file/dir modified: C:\Users\murth\Desktop\DkIT\Dissertation\Codes\trails\wandb\run-20220624_011335-zoyooo95\files\conda-environment.yaml
2022-06-24 01:13:53,471 INFO    Thread-11 :10980 [dir_watcher.py:_on_file_created():256] file/dir created: C:\Users\murth\Desktop\DkIT\Dissertation\Codes\trails\wandb\run-20220624_011335-zoyooo95\files\wandb-metadata.json
2022-06-24 01:13:53,487 DEBUG   SenderThread:10980 [sender.py:send():235] send: telemetry
2022-06-24 01:13:53,487 DEBUG   SenderThread:10980 [sender.py:send():235] send: files
2022-06-24 01:13:53,487 INFO    SenderThread:10980 [sender.py:_save_file():949] saving file wandb-metadata.json with policy now
2022-06-24 01:13:53,487 DEBUG   SenderThread:10980 [sender.py:send():235] send: stats
2022-06-24 01:13:54,440 INFO    Thread-17 :10980 [upload_job.py:push():132] Uploaded file C:\Users\murth\AppData\Local\Temp\tmpdlwje8v2wandb\2h2gn5mu-wandb-metadata.json
2022-06-24 01:14:03,744 DEBUG   HandlerThread:10980 [handler.py:handle_request():141] handle_request: stop_status
2022-06-24 01:14:03,744 DEBUG   SenderThread:10980 [sender.py:send_request():249] send_request: stop_status
2022-06-24 01:14:08,615 INFO    Thread-11 :10980 [dir_watcher.py:_on_file_modified():269] file/dir modified: C:\Users\murth\Desktop\DkIT\Dissertation\Codes\trails\wandb\run-20220624_011335-zoyooo95\files\config.yaml
2022-06-24 01:14:19,083 DEBUG   HandlerThread:10980 [handler.py:handle_request():141] handle_request: stop_status
2022-06-24 01:14:19,083 DEBUG   SenderThread:10980 [sender.py:send_request():249] send_request: stop_status
2022-06-24 01:14:34,388 DEBUG   HandlerThread:10980 [handler.py:handle_request():141] handle_request: stop_status
2022-06-24 01:14:34,389 DEBUG   SenderThread:10980 [sender.py:send_request():249] send_request: stop_status
2022-06-24 01:14:49,711 DEBUG   HandlerThread:10980 [handler.py:handle_request():141] handle_request: stop_status
2022-06-24 01:14:49,711 DEBUG   SenderThread:10980 [sender.py:send_request():249] send_request: stop_status
2022-06-24 01:15:05,047 DEBUG   HandlerThread:10980 [handler.py:handle_request():141] handle_request: stop_status
2022-06-24 01:15:05,047 DEBUG   SenderThread:10980 [sender.py:send_request():249] send_request: stop_status
2022-06-24 01:15:20,378 DEBUG   HandlerThread:10980 [handler.py:handle_request():141] handle_request: stop_status
2022-06-24 01:15:20,378 DEBUG   SenderThread:10980 [sender.py:send_request():249] send_request: stop_status
2022-06-24 01:15:35,651 DEBUG   HandlerThread:10980 [handler.py:handle_request():141] handle_request: stop_status
2022-06-24 01:15:35,651 DEBUG   SenderThread:10980 [sender.py:send_request():249] send_request: stop_status
2022-06-24 01:15:51,060 DEBUG   HandlerThread:10980 [handler.py:handle_request():141] handle_request: stop_status
2022-06-24 01:15:51,060 DEBUG   SenderThread:10980 [sender.py:send_request():249] send_request: stop_status
2022-06-24 01:16:06,419 DEBUG   HandlerThread:10980 [handler.py:handle_request():141] handle_request: stop_status
2022-06-24 01:16:06,420 DEBUG   SenderThread:10980 [sender.py:send_request():249] send_request: stop_status
2022-06-24 01:16:15,733 DEBUG   HandlerThread:10980 [handler.py:handle_request():141] handle_request: resume
2022-06-24 01:16:15,733 INFO    HandlerThread:10980 [handler.py:handle_request_resume():686] starting system metrics thread
2022-06-24 01:16:15,739 DEBUG   HandlerThread:10980 [handler.py:handle_request():141] handle_request: pause
2022-06-24 01:16:15,739 INFO    HandlerThread:10980 [handler.py:handle_request_pause():695] stopping system metrics thread
2022-06-24 01:16:15,751 DEBUG   SenderThread:10980 [sender.py:send():235] send: stats
2022-06-24 01:16:19,207 DEBUG   HandlerThread:10980 [handler.py:handle_request():141] handle_request: resume
2022-06-24 01:16:19,207 INFO    HandlerThread:10980 [handler.py:handle_request_resume():686] starting system metrics thread
2022-06-24 01:16:21,487 DEBUG   SenderThread:10980 [sender.py:send():235] send: telemetry
2022-06-24 01:16:21,490 DEBUG   SenderThread:10980 [sender.py:send():235] send: telemetry
2022-06-24 01:16:22,329 DEBUG   SenderThread:10980 [sender.py:send():235] send: exit
2022-06-24 01:16:22,329 INFO    SenderThread:10980 [sender.py:send_exit():371] handling exit code: 0
2022-06-24 01:16:22,330 INFO    SenderThread:10980 [sender.py:send_exit():373] handling runtime: 17
2022-06-24 01:16:22,331 DEBUG   HandlerThread:10980 [handler.py:handle_request():141] handle_request: poll_exit
2022-06-24 01:16:22,332 INFO    SenderThread:10980 [sender.py:_save_file():949] saving file wandb-summary.json with policy end
2022-06-24 01:16:22,333 INFO    SenderThread:10980 [sender.py:send_exit():379] send defer
2022-06-24 01:16:22,333 DEBUG   SenderThread:10980 [sender.py:send_request():249] send_request: poll_exit
2022-06-24 01:16:22,334 DEBUG   HandlerThread:10980 [handler.py:handle_request():141] handle_request: defer
2022-06-24 01:16:22,334 INFO    HandlerThread:10980 [handler.py:handle_request_defer():164] handle defer: 0
2022-06-24 01:16:22,334 DEBUG   SenderThread:10980 [sender.py:send_request():249] send_request: defer
2022-06-24 01:16:22,335 INFO    SenderThread:10980 [sender.py:send_request_defer():388] handle sender defer: 0
2022-06-24 01:16:22,335 INFO    SenderThread:10980 [sender.py:transition_state():392] send defer: 1
2022-06-24 01:16:22,335 DEBUG   HandlerThread:10980 [handler.py:handle_request():141] handle_request: defer
2022-06-24 01:16:22,336 INFO    HandlerThread:10980 [handler.py:handle_request_defer():164] handle defer: 1
2022-06-24 01:16:22,435 DEBUG   SenderThread:10980 [sender.py:send_request():249] send_request: defer
2022-06-24 01:16:22,435 INFO    SenderThread:10980 [sender.py:send_request_defer():388] handle sender defer: 1
2022-06-24 01:16:22,435 INFO    SenderThread:10980 [sender.py:transition_state():392] send defer: 2
2022-06-24 01:16:22,437 DEBUG   SenderThread:10980 [sender.py:send():235] send: stats
2022-06-24 01:16:22,437 DEBUG   HandlerThread:10980 [handler.py:handle_request():141] handle_request: defer
2022-06-24 01:16:22,439 INFO    HandlerThread:10980 [handler.py:handle_request_defer():164] handle defer: 2
2022-06-24 01:16:22,439 DEBUG   SenderThread:10980 [sender.py:send_request():249] send_request: defer
2022-06-24 01:16:22,440 INFO    SenderThread:10980 [sender.py:send_request_defer():388] handle sender defer: 2
2022-06-24 01:16:22,441 INFO    SenderThread:10980 [sender.py:transition_state():392] send defer: 3
2022-06-24 01:16:22,442 DEBUG   HandlerThread:10980 [handler.py:handle_request():141] handle_request: defer
2022-06-24 01:16:22,442 INFO    HandlerThread:10980 [handler.py:handle_request_defer():164] handle defer: 3
2022-06-24 01:16:22,444 DEBUG   SenderThread:10980 [sender.py:send_request():249] send_request: defer
2022-06-24 01:16:22,444 INFO    SenderThread:10980 [sender.py:send_request_defer():388] handle sender defer: 3
2022-06-24 01:16:22,445 INFO    SenderThread:10980 [sender.py:transition_state():392] send defer: 4
2022-06-24 01:16:22,446 DEBUG   HandlerThread:10980 [handler.py:handle_request():141] handle_request: defer
2022-06-24 01:16:22,446 INFO    HandlerThread:10980 [handler.py:handle_request_defer():164] handle defer: 4
2022-06-24 01:16:22,447 DEBUG   HandlerThread:10980 [handler.py:handle_request():141] handle_request: poll_exit
2022-06-24 01:16:22,448 DEBUG   SenderThread:10980 [sender.py:send():235] send: summary
2022-06-24 01:16:22,450 INFO    SenderThread:10980 [sender.py:_save_file():949] saving file wandb-summary.json with policy end
2022-06-24 01:16:22,451 DEBUG   SenderThread:10980 [sender.py:send_request():249] send_request: defer
2022-06-24 01:16:22,452 INFO    SenderThread:10980 [sender.py:send_request_defer():388] handle sender defer: 4
2022-06-24 01:16:22,452 INFO    SenderThread:10980 [sender.py:transition_state():392] send defer: 5
2022-06-24 01:16:22,453 DEBUG   SenderThread:10980 [sender.py:send_request():249] send_request: poll_exit
2022-06-24 01:16:22,454 DEBUG   HandlerThread:10980 [handler.py:handle_request():141] handle_request: defer
2022-06-24 01:16:22,454 INFO    HandlerThread:10980 [handler.py:handle_request_defer():164] handle defer: 5
2022-06-24 01:16:22,454 DEBUG   SenderThread:10980 [sender.py:send_request():249] send_request: defer
2022-06-24 01:16:22,455 INFO    SenderThread:10980 [sender.py:send_request_defer():388] handle sender defer: 5
2022-06-24 01:16:22,558 DEBUG   HandlerThread:10980 [handler.py:handle_request():141] handle_request: poll_exit
2022-06-24 01:16:22,744 INFO    Thread-11 :10980 [dir_watcher.py:_on_file_modified():269] file/dir modified: C:\Users\murth\Desktop\DkIT\Dissertation\Codes\trails\wandb\run-20220624_011335-zoyooo95\files\output.log
2022-06-24 01:16:22,744 INFO    Thread-11 :10980 [dir_watcher.py:_on_file_modified():269] file/dir modified: C:\Users\murth\Desktop\DkIT\Dissertation\Codes\trails\wandb\run-20220624_011335-zoyooo95\files\wandb-summary.json
2022-06-24 01:16:22,929 ERROR   SenderThread:10980 [internal_api.py:execute():143] 409 response executing GraphQL.
2022-06-24 01:16:22,930 ERROR   SenderThread:10980 [internal_api.py:execute():144] {"errors":[{"message":"Error 1062: Duplicate entry '1071744-zoyooo95' for key 'PRIMARY'","path":["upsertBucket"]}],"data":{"upsertBucket":null}}
2022-06-24 01:16:23,455 INFO    WriterThread:10980 [datastore.py:close():279] close: C:\Users\murth\Desktop\DkIT\Dissertation\Codes\trails\wandb\run-20220624_011335-zoyooo95\run-zoyooo95.wandb
2022-06-24 01:16:23,567 INFO    HandlerThread:10980 [handler.py:finish():806] shutting down handler
2022-06-24 01:16:23,567 ERROR   MainThread:10980 [internal.py:wandb_internal():165] Thread SenderThread:
Traceback (most recent call last):
  File "C:\Users\murth\anaconda3\lib\site-packages\wandb\apis\normalize.py", line 22, in wrapper
    return func(*args, **kwargs)
  File "C:\Users\murth\anaconda3\lib\site-packages\wandb\sdk\internal\internal_api.py", line 1319, in upsert_run
    response = self.gql(mutation, variable_values=variable_values, **kwargs)
  File "C:\Users\murth\anaconda3\lib\site-packages\wandb\sdk\lib\retry.py", line 102, in __call__
    result = self._call_fn(*args, **kwargs)
  File "C:\Users\murth\anaconda3\lib\site-packages\wandb\sdk\internal\internal_api.py", line 140, in execute
    return self.client.execute(*args, **kwargs)
  File "C:\Users\murth\anaconda3\lib\site-packages\wandb\vendor\gql-0.2.0\wandb_gql\client.py", line 52, in execute
    result = self._get_result(document, *args, **kwargs)
  File "C:\Users\murth\anaconda3\lib\site-packages\wandb\vendor\gql-0.2.0\wandb_gql\client.py", line 60, in _get_result
    return self.transport.execute(document, *args, **kwargs)
  File "C:\Users\murth\anaconda3\lib\site-packages\wandb\vendor\gql-0.2.0\wandb_gql\transport\requests.py", line 39, in execute
    request.raise_for_status()
  File "C:\Users\murth\anaconda3\lib\site-packages\requests\models.py", line 953, in raise_for_status
    raise HTTPError(http_error_msg, response=self)
requests.exceptions.HTTPError: 409 Client Error: Conflict for url: https://api.wandb.ai/graphql

During handling of the above exception, another exception occurred:

Traceback (most recent call last):
  File "C:\Users\murth\anaconda3\lib\site-packages\wandb\sdk\internal\internal_util.py", line 51, in run
    self._run()
  File "C:\Users\murth\anaconda3\lib\site-packages\wandb\sdk\internal\internal_util.py", line 102, in _run
    self._process(record)
  File "C:\Users\murth\anaconda3\lib\site-packages\wandb\sdk\internal\internal.py", line 310, in _process
    self._sm.send(record)
  File "C:\Users\murth\anaconda3\lib\site-packages\wandb\sdk\internal\sender.py", line 237, in send
    send_handler(record)
  File "C:\Users\murth\anaconda3\lib\site-packages\wandb\sdk\internal\sender.py", line 251, in send_request
    send_handler(record)
  File "C:\Users\murth\anaconda3\lib\site-packages\wandb\sdk\internal\sender.py", line 411, in send_request_defer
    self.debounce()
  File "C:\Users\murth\anaconda3\lib\site-packages\wandb\sdk\internal\sender.py", line 320, in debounce
    self._debounce_config()
  File "C:\Users\murth\anaconda3\lib\site-packages\wandb\sdk\internal\sender.py", line 326, in _debounce_config
    self._api.upsert_run(
  File "C:\Users\murth\anaconda3\lib\site-packages\wandb\apis\normalize.py", line 24, in wrapper
    raise CommError(err.response, err)
wandb.errors.CommError: <Response [409]>
2022-06-24 01:16:25,658 INFO    MainThread:10980 [internal.py:handle_exit():80] Internal process exited
