2022-06-24 01:13:35,878 INFO    MainThread:6784 [wandb_setup.py:_flush():76] Loading settings from C:\Users\murth\.config\wandb\settings
2022-06-24 01:13:35,878 INFO    MainThread:6784 [wandb_setup.py:_flush():76] Loading settings from C:\Users\murth\Desktop\DkIT\Dissertation\Codes\trails\wandb\settings
2022-06-24 01:13:35,878 INFO    MainThread:6784 [wandb_setup.py:_flush():76] Loading settings from environment variables: {}
2022-06-24 01:13:35,878 INFO    MainThread:6784 [wandb_setup.py:_flush():76] Inferring run settings from compute environment: {'program': '<python with no main file>'}
2022-06-24 01:13:35,878 INFO    MainThread:6784 [wandb_init.py:_log_setup():428] Logging user logs to C:\Users\murth\Desktop\DkIT\Dissertation\Codes\trails\wandb\run-20220624_011335-zoyooo95\logs\debug.log
2022-06-24 01:13:35,879 INFO    MainThread:6784 [wandb_init.py:_log_setup():429] Logging internal logs to C:\Users\murth\Desktop\DkIT\Dissertation\Codes\trails\wandb\run-20220624_011335-zoyooo95\logs\debug-internal.log
2022-06-24 01:13:35,879 INFO    MainThread:6784 [wandb_init.py:_jupyter_setup():378] configuring jupyter hooks <wandb.sdk.wandb_init._WandbInit object at 0x000001D63BCF0370>
2022-06-24 01:13:35,879 INFO    MainThread:6784 [wandb_init.py:init():462] calling init triggers
2022-06-24 01:13:35,879 INFO    MainThread:6784 [wandb_init.py:init():465] wandb.init called with sweep_config: {}
config: {'return_dict': True, 'output_hidden_states': False, 'output_attentions': False, 'torchscript': False, 'torch_dtype': None, 'use_bfloat16': False, 'pruned_heads': {}, 'tie_word_embeddings': True, 'is_encoder_decoder': False, 'is_decoder': False, 'cross_attention_hidden_size': None, 'add_cross_attention': False, 'tie_encoder_decoder': False, 'max_length': 20, 'min_length': 0, 'do_sample': False, 'early_stopping': False, 'num_beams': 1, 'num_beam_groups': 1, 'diversity_penalty': 0.0, 'temperature': 1.0, 'top_k': 50, 'top_p': 1.0, 'typical_p': 1.0, 'repetition_penalty': 1.0, 'length_penalty': 1.0, 'no_repeat_ngram_size': 0, 'encoder_no_repeat_ngram_size': 0, 'bad_words_ids': None, 'num_return_sequences': 1, 'chunk_size_feed_forward': 0, 'output_scores': False, 'return_dict_in_generate': False, 'forced_bos_token_id': None, 'forced_eos_token_id': None, 'remove_invalid_values': False, 'exponential_decay_length_penalty': None, 'architectures': ['BertForMaskedLM'], 'finetuning_task': None, 'id2label': {0: 'LABEL_0', 1: 'LABEL_1', 2: 'LABEL_2', 3: 'LABEL_3', 4: 'LABEL_4', 5: 'LABEL_5', 6: 'LABEL_6'}, 'label2id': {'LABEL_0': 0, 'LABEL_1': 1, 'LABEL_2': 2, 'LABEL_3': 3, 'LABEL_4': 4, 'LABEL_5': 5, 'LABEL_6': 6}, 'tokenizer_class': None, 'prefix': None, 'bos_token_id': None, 'pad_token_id': 0, 'eos_token_id': None, 'sep_token_id': None, 'decoder_start_token_id': None, 'task_specific_params': None, 'problem_type': None, '_name_or_path': 'bert-base-uncased', 'transformers_version': '4.19.2', 'gradient_checkpointing': False, 'model_type': 'bert', 'vocab_size': 30522, 'hidden_size': 768, 'num_hidden_layers': 12, 'num_attention_heads': 12, 'hidden_act': 'gelu', 'intermediate_size': 3072, 'hidden_dropout_prob': 0.1, 'attention_probs_dropout_prob': 0.1, 'max_position_embeddings': 512, 'type_vocab_size': 2, 'initializer_range': 0.02, 'layer_norm_eps': 1e-12, 'position_embedding_type': 'absolute', 'use_cache': True, 'classifier_dropout': None, 'output_dir': './results', 'overwrite_output_dir': False, 'do_train': False, 'do_eval': False, 'do_predict': False, 'evaluation_strategy': 'no', 'prediction_loss_only': False, 'per_device_train_batch_size': 8, 'per_device_eval_batch_size': 16, 'per_gpu_train_batch_size': 'None', 'per_gpu_eval_batch_size': 'None', 'gradient_accumulation_steps': 1, 'eval_accumulation_steps': 'None', 'eval_delay': 0, 'learning_rate': 5e-05, 'weight_decay': 0.01, 'adam_beta1': 0.9, 'adam_beta2': 0.999, 'adam_epsilon': 1e-08, 'max_grad_norm': 1.0, 'num_train_epochs': 2, 'max_steps': -1, 'lr_scheduler_type': 'linear', 'warmup_ratio': 0.0, 'warmup_steps': 500, 'log_level': -1, 'log_level_replica': -1, 'log_on_each_node': True, 'logging_dir': './logs', 'logging_strategy': 'steps', 'logging_first_step': False, 'logging_steps': 10, 'logging_nan_inf_filter': True, 'save_strategy': 'steps', 'save_steps': 500, 'save_total_limit': 'None', 'save_on_each_node': False, 'no_cuda': False, 'seed': 42, 'data_seed': 'None', 'bf16': False, 'fp16': False, 'fp16_opt_level': 'O1', 'half_precision_backend': 'auto', 'bf16_full_eval': False, 'fp16_full_eval': False, 'tf32': 'None', 'local_rank': -1, 'xpu_backend': 'None', 'tpu_num_cores': 'None', 'tpu_metrics_debug': False, 'debug': '[]', 'dataloader_drop_last': False, 'eval_steps': 1, 'dataloader_num_workers': 0, 'past_index': -1, 'run_name': './results', 'disable_tqdm': False, 'remove_unused_columns': True, 'label_names': 'None', 'load_best_model_at_end': False, 'metric_for_best_model': 'None', 'greater_is_better': 'None', 'ignore_data_skip': False, 'sharded_ddp': '[]', 'fsdp': '[]', 'fsdp_min_num_params': 0, 'deepspeed': 'None', 'label_smoothing_factor': 0.0, 'optim': 'adamw_hf', 'adafactor': False, 'group_by_length': False, 'length_column_name': 'length', 'report_to': "['tensorboard', 'wandb']", 'ddp_find_unused_parameters': 'None', 'ddp_bucket_cap_mb': 'None', 'dataloader_pin_memory': True, 'skip_memory_metrics': True, 'use_legacy_prediction_loop': False, 'push_to_hub': False, 'resume_from_checkpoint': 'None', 'hub_model_id': 'None', 'hub_strategy': 'every_save', 'hub_token': '<HUB_TOKEN>', 'hub_private_repo': False, 'include_inputs_for_metrics': False, 'fp16_backend': 'auto', 'push_to_hub_model_id': 'None', 'push_to_hub_organization': 'None', 'push_to_hub_token': '<PUSH_TO_HUB_TOKEN>', '_n_gpu': 0, 'mp_parameters': '', 'auto_find_batch_size': False, 'full_determinism': False, 'tpu_name': 'None', 'tpu_zone': 'None', 'gcp_project': 'None', 'poly_power': 1.0, 'xla': False, 'train_batch_size': 8, 'eval_batch_size': 16}
2022-06-24 01:13:35,879 INFO    MainThread:6784 [wandb_init.py:init():515] starting backend
2022-06-24 01:13:35,880 INFO    MainThread:6784 [backend.py:_multiprocessing_setup():97] multiprocessing start_methods=spawn, using: spawn
2022-06-24 01:13:35,881 INFO    MainThread:6784 [backend.py:ensure_launched():217] starting backend process...
2022-06-24 01:13:35,992 INFO    MainThread:6784 [backend.py:ensure_launched():222] started backend process with pid: 10980
2022-06-24 01:13:35,993 INFO    MainThread:6784 [wandb_init.py:init():525] backend started and connected
2022-06-24 01:13:36,019 INFO    MainThread:6784 [wandb_run.py:_label_probe_notebook():1089] probe notebook
2022-06-24 01:13:36,021 INFO    MainThread:6784 [wandb_run.py:_label_probe_notebook():1099] Unable to probe notebook: 'NoneType' object has no attribute 'get'
2022-06-24 01:13:36,021 INFO    MainThread:6784 [wandb_init.py:init():596] updated telemetry
2022-06-24 01:13:36,087 INFO    MainThread:6784 [wandb_init.py:init():627] communicating run to backend with 30 second timeout
2022-06-24 01:13:38,364 INFO    MainThread:6784 [wandb_run.py:_on_init():1924] communicating current version
2022-06-24 01:13:38,718 INFO    MainThread:6784 [wandb_run.py:_on_init():1928] got version response upgrade_message: "wandb version 0.12.19 is available!  To upgrade, please run:\n $ pip install wandb --upgrade"

2022-06-24 01:13:38,718 INFO    MainThread:6784 [wandb_init.py:init():662] starting run threads in backend
2022-06-24 01:13:43,739 INFO    MainThread:6784 [wandb_run.py:_console_start():1898] atexit reg
2022-06-24 01:13:43,740 INFO    MainThread:6784 [wandb_run.py:_redirect():1771] redirect: SettingsConsole.WRAP
2022-06-24 01:13:43,742 INFO    MainThread:6784 [wandb_run.py:_redirect():1808] Wrapping output streams.
2022-06-24 01:13:43,745 INFO    MainThread:6784 [wandb_run.py:_redirect():1832] Redirects installed.
2022-06-24 01:13:43,745 INFO    MainThread:6784 [wandb_init.py:init():688] run started, returning control to user process
2022-06-24 01:13:43,906 INFO    MainThread:6784 [wandb_init.py:_pause_backend():341] pausing backend
2022-06-24 01:13:43,906 INFO    MainThread:6784 [jupyter.py:save_ipynb():377] not saving jupyter notebook
2022-06-24 01:16:15,730 INFO    MainThread:6784 [wandb_init.py:_resume_backend():350] resuming backend
2022-06-24 01:16:15,737 INFO    MainThread:6784 [wandb_init.py:_pause_backend():341] pausing backend
2022-06-24 01:16:15,737 INFO    MainThread:6784 [jupyter.py:save_ipynb():377] not saving jupyter notebook
2022-06-24 01:16:19,205 INFO    MainThread:6784 [wandb_init.py:_resume_backend():350] resuming backend
2022-06-24 01:16:21,482 INFO    MainThread:6784 [wandb_setup.py:_flush():76] Loading settings from C:\Users\murth\.config\wandb\settings
2022-06-24 01:16:21,483 INFO    MainThread:6784 [wandb_setup.py:_flush():76] Loading settings from C:\Users\murth\Desktop\DkIT\Dissertation\Codes\trails\wandb\settings
2022-06-24 01:16:21,483 INFO    MainThread:6784 [wandb_setup.py:_flush():76] Loading settings from environment variables: {}
2022-06-24 01:16:21,483 INFO    MainThread:6784 [wandb_setup.py:_flush():76] Inferring run settings from compute environment: {'program': '<python with no main file>'}
2022-06-24 01:16:21,483 INFO    MainThread:6784 [wandb_init.py:_log_setup():428] Logging user logs to C:\Users\murth\Desktop\DkIT\Dissertation\Codes\trails\wandb\run-20220624_011621-3kkunbxw\logs\debug.log
2022-06-24 01:16:21,483 INFO    MainThread:6784 [wandb_init.py:_log_setup():429] Logging internal logs to C:\Users\murth\Desktop\DkIT\Dissertation\Codes\trails\wandb\run-20220624_011621-3kkunbxw\logs\debug-internal.log
2022-06-24 01:16:21,484 INFO    MainThread:6784 [wandb_init.py:init():462] calling init triggers
2022-06-24 01:16:21,484 INFO    MainThread:6784 [wandb_init.py:init():465] wandb.init called with sweep_config: {}
config: {'return_dict': True, 'output_hidden_states': False, 'output_attentions': False, 'torchscript': False, 'torch_dtype': None, 'use_bfloat16': False, 'pruned_heads': {}, 'tie_word_embeddings': True, 'is_encoder_decoder': False, 'is_decoder': False, 'cross_attention_hidden_size': None, 'add_cross_attention': False, 'tie_encoder_decoder': False, 'max_length': 20, 'min_length': 0, 'do_sample': False, 'early_stopping': False, 'num_beams': 1, 'num_beam_groups': 1, 'diversity_penalty': 0.0, 'temperature': 1.0, 'top_k': 50, 'top_p': 1.0, 'typical_p': 1.0, 'repetition_penalty': 1.0, 'length_penalty': 1.0, 'no_repeat_ngram_size': 0, 'encoder_no_repeat_ngram_size': 0, 'bad_words_ids': None, 'num_return_sequences': 1, 'chunk_size_feed_forward': 0, 'output_scores': False, 'return_dict_in_generate': False, 'forced_bos_token_id': None, 'forced_eos_token_id': None, 'remove_invalid_values': False, 'exponential_decay_length_penalty': None, 'architectures': ['BertForMaskedLM'], 'finetuning_task': None, 'id2label': {0: 'LABEL_0', 1: 'LABEL_1', 2: 'LABEL_2', 3: 'LABEL_3', 4: 'LABEL_4', 5: 'LABEL_5', 6: 'LABEL_6'}, 'label2id': {'LABEL_0': 0, 'LABEL_1': 1, 'LABEL_2': 2, 'LABEL_3': 3, 'LABEL_4': 4, 'LABEL_5': 5, 'LABEL_6': 6}, 'tokenizer_class': None, 'prefix': None, 'bos_token_id': None, 'pad_token_id': 0, 'eos_token_id': None, 'sep_token_id': None, 'decoder_start_token_id': None, 'task_specific_params': None, 'problem_type': None, '_name_or_path': 'bert-base-uncased', 'transformers_version': '4.19.2', 'gradient_checkpointing': False, 'model_type': 'bert', 'vocab_size': 30522, 'hidden_size': 768, 'num_hidden_layers': 12, 'num_attention_heads': 12, 'hidden_act': 'gelu', 'intermediate_size': 3072, 'hidden_dropout_prob': 0.1, 'attention_probs_dropout_prob': 0.1, 'max_position_embeddings': 512, 'type_vocab_size': 2, 'initializer_range': 0.02, 'layer_norm_eps': 1e-12, 'position_embedding_type': 'absolute', 'use_cache': True, 'classifier_dropout': None, 'output_dir': './Bertresults', 'overwrite_output_dir': False, 'do_train': False, 'do_eval': False, 'do_predict': False, 'evaluation_strategy': 'no', 'prediction_loss_only': False, 'per_device_train_batch_size': 8, 'per_device_eval_batch_size': 16, 'per_gpu_train_batch_size': 'None', 'per_gpu_eval_batch_size': 'None', 'gradient_accumulation_steps': 1, 'eval_accumulation_steps': 'None', 'eval_delay': 0, 'learning_rate': 5e-05, 'weight_decay': 0.01, 'adam_beta1': 0.9, 'adam_beta2': 0.999, 'adam_epsilon': 1e-08, 'max_grad_norm': 1.0, 'num_train_epochs': 2, 'max_steps': -1, 'lr_scheduler_type': 'linear', 'warmup_ratio': 0.0, 'warmup_steps': 500, 'log_level': -1, 'log_level_replica': -1, 'log_on_each_node': True, 'logging_dir': './Bertlogs', 'logging_strategy': 'steps', 'logging_first_step': False, 'logging_steps': 10, 'logging_nan_inf_filter': True, 'save_strategy': 'steps', 'save_steps': 500, 'save_total_limit': 'None', 'save_on_each_node': False, 'no_cuda': False, 'seed': 42, 'data_seed': 'None', 'bf16': False, 'fp16': False, 'fp16_opt_level': 'O1', 'half_precision_backend': 'auto', 'bf16_full_eval': False, 'fp16_full_eval': False, 'tf32': 'None', 'local_rank': -1, 'xpu_backend': 'None', 'tpu_num_cores': 'None', 'tpu_metrics_debug': False, 'debug': '[]', 'dataloader_drop_last': False, 'eval_steps': 1, 'dataloader_num_workers': 0, 'past_index': -1, 'run_name': './Bertresults', 'disable_tqdm': False, 'remove_unused_columns': True, 'label_names': 'None', 'load_best_model_at_end': False, 'metric_for_best_model': 'None', 'greater_is_better': 'None', 'ignore_data_skip': False, 'sharded_ddp': '[]', 'fsdp': '[]', 'fsdp_min_num_params': 0, 'deepspeed': 'None', 'label_smoothing_factor': 0.0, 'optim': 'adamw_hf', 'adafactor': False, 'group_by_length': False, 'length_column_name': 'length', 'report_to': "['tensorboard', 'wandb']", 'ddp_find_unused_parameters': 'None', 'ddp_bucket_cap_mb': 'None', 'dataloader_pin_memory': True, 'skip_memory_metrics': True, 'use_legacy_prediction_loop': False, 'push_to_hub': False, 'resume_from_checkpoint': 'None', 'hub_model_id': 'None', 'hub_strategy': 'every_save', 'hub_token': '<HUB_TOKEN>', 'hub_private_repo': False, 'include_inputs_for_metrics': False, 'fp16_backend': 'auto', 'push_to_hub_model_id': 'None', 'push_to_hub_organization': 'None', 'push_to_hub_token': '<PUSH_TO_HUB_TOKEN>', '_n_gpu': 0, 'mp_parameters': '', 'auto_find_batch_size': False, 'full_determinism': False, 'tpu_name': 'None', 'tpu_zone': 'None', 'gcp_project': 'None', 'poly_power': 1.0, 'xla': False, 'train_batch_size': 8, 'eval_batch_size': 16}
2022-06-24 01:16:21,484 INFO    MainThread:6784 [wandb_init.py:init():481] re-initializing run, found existing run on stack: zoyooo95
2022-06-24 01:16:21,486 INFO    MainThread:6784 [wandb_run.py:_finish():1685] finishing run murthy/huggingface/zoyooo95
2022-06-24 01:16:21,487 INFO    MainThread:6784 [jupyter.py:save_history():435] not saving jupyter history
2022-06-24 01:16:21,487 INFO    MainThread:6784 [jupyter.py:save_ipynb():377] not saving jupyter notebook
2022-06-24 01:16:21,487 INFO    MainThread:6784 [wandb_init.py:_jupyter_teardown():360] cleaning up jupyter logic
2022-06-24 01:16:21,487 INFO    MainThread:6784 [wandb_run.py:_atexit_cleanup():1867] got exitcode: 0
2022-06-24 01:16:21,489 INFO    MainThread:6784 [wandb_run.py:_restore():1839] restore
2022-06-24 01:16:22,335 INFO    MainThread:6784 [wandb_run.py:_on_finish():1996] got exit ret: file_counts {
  wandb_count: 1
}
pusher_stats {
  uploaded_bytes: 740
  total_bytes: 740
}

2022-06-24 01:16:22,454 INFO    MainThread:6784 [wandb_run.py:_on_finish():1996] got exit ret: file_counts {
  wandb_count: 1
}
pusher_stats {
  uploaded_bytes: 740
  total_bytes: 740
}

2022-06-24 01:16:27,568 INFO    MainThread:6784 [wandb_run.py:_on_finish():1996] got exit ret: None
2022-06-24 01:16:27,669 INFO    MainThread:6784 [wandb_run.py:_restore():1839] restore
2022-06-24 01:16:27,718 ERROR   MainThread:6784 [wandb_init.py:init():1026] error
Traceback (most recent call last):
  File "C:\Users\murth\anaconda3\lib\site-packages\wandb\sdk\wandb_run.py", line 1876, in _atexit_cleanup
    self._on_finish()
  File "C:\Users\murth\anaconda3\lib\site-packages\wandb\sdk\wandb_run.py", line 1994, in _on_finish
    self._backend.interface.communicate_poll_exit()
  File "C:\Users\murth\anaconda3\lib\site-packages\wandb\sdk\interface\interface.py", line 653, in communicate_poll_exit
    resp = self._communicate_poll_exit(poll_exit)
  File "C:\Users\murth\anaconda3\lib\site-packages\wandb\sdk\interface\interface_shared.py", line 419, in _communicate_poll_exit
    result = self._communicate(rec)
  File "C:\Users\murth\anaconda3\lib\site-packages\wandb\sdk\interface\interface_shared.py", line 226, in _communicate
    return self._communicate_async(rec, local=local).get(timeout=timeout)
  File "C:\Users\murth\anaconda3\lib\site-packages\wandb\sdk\interface\interface_shared.py", line 231, in _communicate_async
    raise Exception("The wandb backend process has shutdown")
Exception: The wandb backend process has shutdown

During handling of the above exception, another exception occurred:

Traceback (most recent call last):
  File "C:\Users\murth\anaconda3\lib\site-packages\wandb\sdk\wandb_init.py", line 999, in init
    run = wi.init()
  File "C:\Users\murth\anaconda3\lib\site-packages\wandb\sdk\wandb_init.py", line 494, in init
    self._wl._global_run_stack[-1].finish()
  File "C:\Users\murth\anaconda3\lib\site-packages\wandb\sdk\wandb_run.py", line 256, in wrapper
    return func(self, *args, **kwargs)
  File "C:\Users\murth\anaconda3\lib\site-packages\wandb\sdk\wandb_run.py", line 222, in wrapper
    return func(self, *args, **kwargs)
  File "C:\Users\murth\anaconda3\lib\site-packages\wandb\sdk\wandb_run.py", line 1678, in finish
    return self._finish(exit_code, quiet)
  File "C:\Users\murth\anaconda3\lib\site-packages\wandb\sdk\wandb_run.py", line 1691, in _finish
    self._atexit_cleanup(exit_code=exit_code)
  File "C:\Users\murth\anaconda3\lib\site-packages\wandb\sdk\wandb_run.py", line 1887, in _atexit_cleanup
    self._backend.cleanup()
  File "C:\Users\murth\anaconda3\lib\site-packages\wandb\sdk\backend\backend.py", line 246, in cleanup
    self.interface.join()
  File "C:\Users\murth\anaconda3\lib\site-packages\wandb\sdk\interface\interface_shared.py", line 475, in join
    super().join()
  File "C:\Users\murth\anaconda3\lib\site-packages\wandb\sdk\interface\interface.py", line 666, in join
    _ = self._communicate_shutdown()
  File "C:\Users\murth\anaconda3\lib\site-packages\wandb\sdk\interface\interface_shared.py", line 472, in _communicate_shutdown
    _ = self._communicate(record)
  File "C:\Users\murth\anaconda3\lib\site-packages\wandb\sdk\interface\interface_shared.py", line 226, in _communicate
    return self._communicate_async(rec, local=local).get(timeout=timeout)
  File "C:\Users\murth\anaconda3\lib\site-packages\wandb\sdk\interface\interface_shared.py", line 231, in _communicate_async
    raise Exception("The wandb backend process has shutdown")
Exception: The wandb backend process has shutdown
