2022-06-25 02:34:41,144 INFO    MainThread:1280 [internal.py:wandb_internal():90] W&B internal server running at pid: 1280, started at: 2022-06-25 02:34:41.143235
2022-06-25 02:34:41,146 INFO    WriterThread:1280 [datastore.py:open_for_write():75] open: C:\Users\murth\Desktop\DkIT\Dissertation\Codes\trails\wandb\run-20220625_023439-1zjl4wyq\run-1zjl4wyq.wandb
2022-06-25 02:34:41,149 DEBUG   SenderThread:1280 [sender.py:send():235] send: header
2022-06-25 02:34:41,149 DEBUG   SenderThread:1280 [sender.py:send():235] send: run
2022-06-25 02:34:41,709 DEBUG   HandlerThread:1280 [handler.py:handle_request():141] handle_request: check_version
2022-06-25 02:34:41,709 INFO    SenderThread:1280 [dir_watcher.py:__init__():205] watching files in: C:\Users\murth\Desktop\DkIT\Dissertation\Codes\trails\wandb\run-20220625_023439-1zjl4wyq\files
2022-06-25 02:34:41,709 INFO    SenderThread:1280 [sender.py:_start_run_threads():812] run started: 1zjl4wyq with start time 1656120879
2022-06-25 02:34:41,709 DEBUG   SenderThread:1280 [sender.py:send():235] send: summary
2022-06-25 02:34:41,709 INFO    SenderThread:1280 [sender.py:_save_file():949] saving file wandb-summary.json with policy end
2022-06-25 02:34:41,709 DEBUG   SenderThread:1280 [sender.py:send_request():249] send_request: check_version
2022-06-25 02:34:41,944 DEBUG   HandlerThread:1280 [handler.py:handle_request():141] handle_request: run_start
2022-06-25 02:34:41,976 DEBUG   HandlerThread:1280 [meta.py:__init__():35] meta init
2022-06-25 02:34:41,976 DEBUG   HandlerThread:1280 [meta.py:__init__():49] meta init done
2022-06-25 02:34:41,976 DEBUG   HandlerThread:1280 [meta.py:probe():209] probe
2022-06-25 02:34:42,007 DEBUG   HandlerThread:1280 [meta.py:_setup_git():199] setup git
2022-06-25 02:34:42,069 DEBUG   HandlerThread:1280 [meta.py:_setup_git():206] setup git done
2022-06-25 02:34:42,069 DEBUG   HandlerThread:1280 [meta.py:_save_pip():53] save pip
2022-06-25 02:34:42,069 DEBUG   HandlerThread:1280 [meta.py:_save_pip():67] save pip done
2022-06-25 02:34:42,069 DEBUG   HandlerThread:1280 [meta.py:_save_conda():74] save conda
2022-06-25 02:34:42,726 INFO    Thread-11 :1280 [dir_watcher.py:_on_file_created():256] file/dir created: C:\Users\murth\Desktop\DkIT\Dissertation\Codes\trails\wandb\run-20220625_023439-1zjl4wyq\files\wandb-summary.json
2022-06-25 02:34:42,726 INFO    Thread-11 :1280 [dir_watcher.py:_on_file_created():256] file/dir created: C:\Users\murth\Desktop\DkIT\Dissertation\Codes\trails\wandb\run-20220625_023439-1zjl4wyq\files\conda-environment.yaml
2022-06-25 02:34:42,726 INFO    Thread-11 :1280 [dir_watcher.py:_on_file_created():256] file/dir created: C:\Users\murth\Desktop\DkIT\Dissertation\Codes\trails\wandb\run-20220625_023439-1zjl4wyq\files\requirements.txt
2022-06-25 02:34:47,768 INFO    Thread-11 :1280 [dir_watcher.py:_on_file_created():256] file/dir created: C:\Users\murth\Desktop\DkIT\Dissertation\Codes\trails\wandb\run-20220625_023439-1zjl4wyq\files\output.log
2022-06-25 02:34:58,530 DEBUG   HandlerThread:1280 [meta.py:_save_conda():84] save conda done
2022-06-25 02:34:58,530 DEBUG   HandlerThread:1280 [meta.py:probe():247] probe done
2022-06-25 02:34:58,768 DEBUG   HandlerThread:1280 [handler.py:handle_request():141] handle_request: stop_status
2022-06-25 02:34:58,768 DEBUG   SenderThread:1280 [sender.py:send_request():249] send_request: stop_status
2022-06-25 02:34:58,799 DEBUG   HandlerThread:1280 [handler.py:handle_request():141] handle_request: pause
2022-06-25 02:34:58,799 INFO    HandlerThread:1280 [handler.py:handle_request_pause():695] stopping system metrics thread
2022-06-25 02:34:58,848 INFO    Thread-11 :1280 [dir_watcher.py:_on_file_modified():269] file/dir modified: C:\Users\murth\Desktop\DkIT\Dissertation\Codes\trails\wandb\run-20220625_023439-1zjl4wyq\files\conda-environment.yaml
2022-06-25 02:34:58,848 INFO    Thread-11 :1280 [dir_watcher.py:_on_file_created():256] file/dir created: C:\Users\murth\Desktop\DkIT\Dissertation\Codes\trails\wandb\run-20220625_023439-1zjl4wyq\files\wandb-metadata.json
2022-06-25 02:34:59,072 DEBUG   SenderThread:1280 [sender.py:send():235] send: telemetry
2022-06-25 02:34:59,072 DEBUG   SenderThread:1280 [sender.py:send():235] send: files
2022-06-25 02:34:59,073 INFO    SenderThread:1280 [sender.py:_save_file():949] saving file wandb-metadata.json with policy now
2022-06-25 02:34:59,074 DEBUG   SenderThread:1280 [sender.py:send():235] send: stats
2022-06-25 02:34:59,901 INFO    Thread-17 :1280 [upload_job.py:push():132] Uploaded file C:\Users\murth\AppData\Local\Temp\tmp4s0y8f8rwandb\31j1nm92-wandb-metadata.json
2022-06-25 02:35:06,972 DEBUG   HandlerThread:1280 [handler.py:handle_request():141] handle_request: stop_status
2022-06-25 02:35:06,972 DEBUG   SenderThread:1280 [sender.py:send_request():249] send_request: stop_status
2022-06-25 02:35:14,008 INFO    Thread-11 :1280 [dir_watcher.py:_on_file_modified():269] file/dir modified: C:\Users\murth\Desktop\DkIT\Dissertation\Codes\trails\wandb\run-20220625_023439-1zjl4wyq\files\config.yaml
2022-06-25 02:35:22,278 DEBUG   HandlerThread:1280 [handler.py:handle_request():141] handle_request: stop_status
2022-06-25 02:35:22,278 DEBUG   SenderThread:1280 [sender.py:send_request():249] send_request: stop_status
2022-06-25 02:35:37,532 DEBUG   HandlerThread:1280 [handler.py:handle_request():141] handle_request: stop_status
2022-06-25 02:35:37,533 DEBUG   SenderThread:1280 [sender.py:send_request():249] send_request: stop_status
2022-06-25 02:35:52,884 DEBUG   HandlerThread:1280 [handler.py:handle_request():141] handle_request: stop_status
2022-06-25 02:35:52,884 DEBUG   SenderThread:1280 [sender.py:send_request():249] send_request: stop_status
2022-06-25 02:35:58,873 DEBUG   SenderThread:1280 [sender.py:send():235] send: telemetry
2022-06-25 02:35:59,662 DEBUG   SenderThread:1280 [sender.py:send():235] send: exit
2022-06-25 02:35:59,662 INFO    SenderThread:1280 [sender.py:send_exit():371] handling exit code: 0
2022-06-25 02:35:59,662 INFO    SenderThread:1280 [sender.py:send_exit():373] handling runtime: 16
2022-06-25 02:35:59,664 DEBUG   HandlerThread:1280 [handler.py:handle_request():141] handle_request: poll_exit
2022-06-25 02:35:59,664 INFO    SenderThread:1280 [sender.py:_save_file():949] saving file wandb-summary.json with policy end
2022-06-25 02:35:59,665 INFO    SenderThread:1280 [sender.py:send_exit():379] send defer
2022-06-25 02:35:59,665 DEBUG   SenderThread:1280 [sender.py:send_request():249] send_request: poll_exit
2022-06-25 02:35:59,666 DEBUG   HandlerThread:1280 [handler.py:handle_request():141] handle_request: defer
2022-06-25 02:35:59,666 INFO    HandlerThread:1280 [handler.py:handle_request_defer():164] handle defer: 0
2022-06-25 02:35:59,666 DEBUG   SenderThread:1280 [sender.py:send_request():249] send_request: defer
2022-06-25 02:35:59,666 INFO    SenderThread:1280 [sender.py:send_request_defer():388] handle sender defer: 0
2022-06-25 02:35:59,666 INFO    SenderThread:1280 [sender.py:transition_state():392] send defer: 1
2022-06-25 02:35:59,666 DEBUG   HandlerThread:1280 [handler.py:handle_request():141] handle_request: defer
2022-06-25 02:35:59,666 INFO    HandlerThread:1280 [handler.py:handle_request_defer():164] handle defer: 1
2022-06-25 02:35:59,666 DEBUG   SenderThread:1280 [sender.py:send_request():249] send_request: defer
2022-06-25 02:35:59,666 INFO    SenderThread:1280 [sender.py:send_request_defer():388] handle sender defer: 1
2022-06-25 02:35:59,667 INFO    SenderThread:1280 [sender.py:transition_state():392] send defer: 2
2022-06-25 02:35:59,667 DEBUG   HandlerThread:1280 [handler.py:handle_request():141] handle_request: defer
2022-06-25 02:35:59,667 INFO    HandlerThread:1280 [handler.py:handle_request_defer():164] handle defer: 2
2022-06-25 02:35:59,667 DEBUG   SenderThread:1280 [sender.py:send_request():249] send_request: defer
2022-06-25 02:35:59,667 INFO    SenderThread:1280 [sender.py:send_request_defer():388] handle sender defer: 2
2022-06-25 02:35:59,667 INFO    SenderThread:1280 [sender.py:transition_state():392] send defer: 3
2022-06-25 02:35:59,667 DEBUG   HandlerThread:1280 [handler.py:handle_request():141] handle_request: defer
2022-06-25 02:35:59,667 INFO    HandlerThread:1280 [handler.py:handle_request_defer():164] handle defer: 3
2022-06-25 02:35:59,667 DEBUG   SenderThread:1280 [sender.py:send_request():249] send_request: defer
2022-06-25 02:35:59,668 INFO    SenderThread:1280 [sender.py:send_request_defer():388] handle sender defer: 3
2022-06-25 02:35:59,668 INFO    SenderThread:1280 [sender.py:transition_state():392] send defer: 4
2022-06-25 02:35:59,668 DEBUG   HandlerThread:1280 [handler.py:handle_request():141] handle_request: defer
2022-06-25 02:35:59,668 INFO    HandlerThread:1280 [handler.py:handle_request_defer():164] handle defer: 4
2022-06-25 02:35:59,668 DEBUG   SenderThread:1280 [sender.py:send():235] send: summary
2022-06-25 02:35:59,669 INFO    SenderThread:1280 [sender.py:_save_file():949] saving file wandb-summary.json with policy end
2022-06-25 02:35:59,669 DEBUG   SenderThread:1280 [sender.py:send_request():249] send_request: defer
2022-06-25 02:35:59,669 INFO    SenderThread:1280 [sender.py:send_request_defer():388] handle sender defer: 4
2022-06-25 02:35:59,669 INFO    SenderThread:1280 [sender.py:transition_state():392] send defer: 5
2022-06-25 02:35:59,670 DEBUG   HandlerThread:1280 [handler.py:handle_request():141] handle_request: defer
2022-06-25 02:35:59,670 INFO    HandlerThread:1280 [handler.py:handle_request_defer():164] handle defer: 5
2022-06-25 02:35:59,670 DEBUG   SenderThread:1280 [sender.py:send_request():249] send_request: defer
2022-06-25 02:35:59,670 INFO    SenderThread:1280 [sender.py:send_request_defer():388] handle sender defer: 5
2022-06-25 02:35:59,773 DEBUG   HandlerThread:1280 [handler.py:handle_request():141] handle_request: poll_exit
2022-06-25 02:36:00,032 ERROR   SenderThread:1280 [internal_api.py:execute():143] 409 response executing GraphQL.
2022-06-25 02:36:00,032 ERROR   SenderThread:1280 [internal_api.py:execute():144] {"errors":[{"message":"Error 1062: Duplicate entry '1071744-1zjl4wyq' for key 'PRIMARY'","path":["upsertBucket"]}],"data":{"upsertBucket":null}}
2022-06-25 02:36:00,412 INFO    Thread-11 :1280 [dir_watcher.py:_on_file_modified():269] file/dir modified: C:\Users\murth\Desktop\DkIT\Dissertation\Codes\trails\wandb\run-20220625_023439-1zjl4wyq\files\wandb-summary.json
2022-06-25 02:36:00,676 INFO    WriterThread:1280 [datastore.py:close():279] close: C:\Users\murth\Desktop\DkIT\Dissertation\Codes\trails\wandb\run-20220625_023439-1zjl4wyq\run-1zjl4wyq.wandb
2022-06-25 02:36:00,786 INFO    HandlerThread:1280 [handler.py:finish():806] shutting down handler
2022-06-25 02:36:00,786 ERROR   MainThread:1280 [internal.py:wandb_internal():165] Thread SenderThread:
Traceback (most recent call last):
  File "C:\Users\murth\anaconda3\lib\site-packages\wandb\apis\normalize.py", line 22, in wrapper
    return func(*args, **kwargs)
  File "C:\Users\murth\anaconda3\lib\site-packages\wandb\sdk\internal\internal_api.py", line 1319, in upsert_run
    response = self.gql(mutation, variable_values=variable_values, **kwargs)
  File "C:\Users\murth\anaconda3\lib\site-packages\wandb\sdk\lib\retry.py", line 102, in __call__
    result = self._call_fn(*args, **kwargs)
  File "C:\Users\murth\anaconda3\lib\site-packages\wandb\sdk\internal\internal_api.py", line 140, in execute
    return self.client.execute(*args, **kwargs)
  File "C:\Users\murth\anaconda3\lib\site-packages\wandb\vendor\gql-0.2.0\wandb_gql\client.py", line 52, in execute
    result = self._get_result(document, *args, **kwargs)
  File "C:\Users\murth\anaconda3\lib\site-packages\wandb\vendor\gql-0.2.0\wandb_gql\client.py", line 60, in _get_result
    return self.transport.execute(document, *args, **kwargs)
  File "C:\Users\murth\anaconda3\lib\site-packages\wandb\vendor\gql-0.2.0\wandb_gql\transport\requests.py", line 39, in execute
    request.raise_for_status()
  File "C:\Users\murth\anaconda3\lib\site-packages\requests\models.py", line 953, in raise_for_status
    raise HTTPError(http_error_msg, response=self)
requests.exceptions.HTTPError: 409 Client Error: Conflict for url: https://api.wandb.ai/graphql

During handling of the above exception, another exception occurred:

Traceback (most recent call last):
  File "C:\Users\murth\anaconda3\lib\site-packages\wandb\sdk\internal\internal_util.py", line 51, in run
    self._run()
  File "C:\Users\murth\anaconda3\lib\site-packages\wandb\sdk\internal\internal_util.py", line 102, in _run
    self._process(record)
  File "C:\Users\murth\anaconda3\lib\site-packages\wandb\sdk\internal\internal.py", line 310, in _process
    self._sm.send(record)
  File "C:\Users\murth\anaconda3\lib\site-packages\wandb\sdk\internal\sender.py", line 237, in send
    send_handler(record)
  File "C:\Users\murth\anaconda3\lib\site-packages\wandb\sdk\internal\sender.py", line 251, in send_request
    send_handler(record)
  File "C:\Users\murth\anaconda3\lib\site-packages\wandb\sdk\internal\sender.py", line 411, in send_request_defer
    self.debounce()
  File "C:\Users\murth\anaconda3\lib\site-packages\wandb\sdk\internal\sender.py", line 320, in debounce
    self._debounce_config()
  File "C:\Users\murth\anaconda3\lib\site-packages\wandb\sdk\internal\sender.py", line 326, in _debounce_config
    self._api.upsert_run(
  File "C:\Users\murth\anaconda3\lib\site-packages\wandb\apis\normalize.py", line 24, in wrapper
    raise CommError(err.response, err)
wandb.errors.CommError: <Response [409]>
2022-06-25 02:36:02,868 INFO    MainThread:1280 [internal.py:handle_exit():80] Internal process exited
