2022-06-25 02:13:55,418 INFO    MainThread:10776 [internal.py:wandb_internal():90] W&B internal server running at pid: 10776, started at: 2022-06-25 02:13:55.416992
2022-06-25 02:13:55,420 INFO    WriterThread:10776 [datastore.py:open_for_write():75] open: C:\Users\murth\Desktop\DkIT\Dissertation\Codes\trails\wandb\run-20220625_021352-1l3k1d37\run-1l3k1d37.wandb
2022-06-25 02:13:55,425 DEBUG   SenderThread:10776 [sender.py:send():235] send: header
2022-06-25 02:13:55,425 DEBUG   SenderThread:10776 [sender.py:send():235] send: run
2022-06-25 02:13:56,040 DEBUG   HandlerThread:10776 [handler.py:handle_request():141] handle_request: check_version
2022-06-25 02:13:56,061 INFO    SenderThread:10776 [dir_watcher.py:__init__():205] watching files in: C:\Users\murth\Desktop\DkIT\Dissertation\Codes\trails\wandb\run-20220625_021352-1l3k1d37\files
2022-06-25 02:13:56,061 INFO    SenderThread:10776 [sender.py:_start_run_threads():812] run started: 1l3k1d37 with start time 1656119632
2022-06-25 02:13:56,062 DEBUG   SenderThread:10776 [sender.py:send():235] send: summary
2022-06-25 02:13:56,063 INFO    SenderThread:10776 [sender.py:_save_file():949] saving file wandb-summary.json with policy end
2022-06-25 02:13:56,064 DEBUG   SenderThread:10776 [sender.py:send_request():249] send_request: check_version
2022-06-25 02:13:56,351 DEBUG   HandlerThread:10776 [handler.py:handle_request():141] handle_request: run_start
2022-06-25 02:13:56,407 DEBUG   HandlerThread:10776 [meta.py:__init__():35] meta init
2022-06-25 02:13:56,407 DEBUG   HandlerThread:10776 [meta.py:__init__():49] meta init done
2022-06-25 02:13:56,407 DEBUG   HandlerThread:10776 [meta.py:probe():209] probe
2022-06-25 02:13:56,427 DEBUG   HandlerThread:10776 [meta.py:_setup_git():199] setup git
2022-06-25 02:13:56,607 DEBUG   HandlerThread:10776 [meta.py:_setup_git():206] setup git done
2022-06-25 02:13:56,607 DEBUG   HandlerThread:10776 [meta.py:_save_pip():53] save pip
2022-06-25 02:13:56,609 DEBUG   HandlerThread:10776 [meta.py:_save_pip():67] save pip done
2022-06-25 02:13:56,609 DEBUG   HandlerThread:10776 [meta.py:_save_conda():74] save conda
2022-06-25 02:13:57,074 INFO    Thread-11 :10776 [dir_watcher.py:_on_file_created():256] file/dir created: C:\Users\murth\Desktop\DkIT\Dissertation\Codes\trails\wandb\run-20220625_021352-1l3k1d37\files\conda-environment.yaml
2022-06-25 02:13:57,074 INFO    Thread-11 :10776 [dir_watcher.py:_on_file_created():256] file/dir created: C:\Users\murth\Desktop\DkIT\Dissertation\Codes\trails\wandb\run-20220625_021352-1l3k1d37\files\wandb-summary.json
2022-06-25 02:13:57,074 INFO    Thread-11 :10776 [dir_watcher.py:_on_file_created():256] file/dir created: C:\Users\murth\Desktop\DkIT\Dissertation\Codes\trails\wandb\run-20220625_021352-1l3k1d37\files\requirements.txt
2022-06-25 02:14:02,139 INFO    Thread-11 :10776 [dir_watcher.py:_on_file_created():256] file/dir created: C:\Users\murth\Desktop\DkIT\Dissertation\Codes\trails\wandb\run-20220625_021352-1l3k1d37\files\output.log
2022-06-25 02:14:25,352 INFO    Thread-11 :10776 [dir_watcher.py:_on_file_modified():269] file/dir modified: C:\Users\murth\Desktop\DkIT\Dissertation\Codes\trails\wandb\run-20220625_021352-1l3k1d37\files\conda-environment.yaml
2022-06-25 02:14:25,452 DEBUG   HandlerThread:10776 [meta.py:_save_conda():84] save conda done
2022-06-25 02:14:25,452 DEBUG   HandlerThread:10776 [meta.py:probe():247] probe done
2022-06-25 02:14:26,025 DEBUG   HandlerThread:10776 [handler.py:handle_request():141] handle_request: stop_status
2022-06-25 02:14:26,025 DEBUG   SenderThread:10776 [sender.py:send_request():249] send_request: stop_status
2022-06-25 02:14:26,032 DEBUG   HandlerThread:10776 [handler.py:handle_request():141] handle_request: pause
2022-06-25 02:14:26,032 INFO    HandlerThread:10776 [handler.py:handle_request_pause():695] stopping system metrics thread
2022-06-25 02:14:26,177 DEBUG   HandlerThread:10776 [handler.py:handle_request():141] handle_request: stop_status
2022-06-25 02:14:26,310 DEBUG   SenderThread:10776 [sender.py:send():235] send: telemetry
2022-06-25 02:14:26,312 DEBUG   SenderThread:10776 [sender.py:send_request():249] send_request: stop_status
2022-06-25 02:14:26,359 INFO    Thread-11 :10776 [dir_watcher.py:_on_file_created():256] file/dir created: C:\Users\murth\Desktop\DkIT\Dissertation\Codes\trails\wandb\run-20220625_021352-1l3k1d37\files\wandb-metadata.json
2022-06-25 02:14:26,709 DEBUG   SenderThread:10776 [sender.py:send():235] send: files
2022-06-25 02:14:26,709 INFO    SenderThread:10776 [sender.py:_save_file():949] saving file wandb-metadata.json with policy now
2022-06-25 02:14:26,716 DEBUG   SenderThread:10776 [sender.py:send():235] send: stats
2022-06-25 02:14:27,952 INFO    Thread-17 :10776 [upload_job.py:push():132] Uploaded file C:\Users\murth\AppData\Local\Temp\tmpf6zjm3zxwandb\199ziyra-wandb-metadata.json
2022-06-25 02:14:41,417 DEBUG   HandlerThread:10776 [handler.py:handle_request():141] handle_request: stop_status
2022-06-25 02:14:41,417 DEBUG   SenderThread:10776 [sender.py:send_request():249] send_request: stop_status
2022-06-25 02:14:56,606 INFO    Thread-11 :10776 [dir_watcher.py:_on_file_modified():269] file/dir modified: C:\Users\murth\Desktop\DkIT\Dissertation\Codes\trails\wandb\run-20220625_021352-1l3k1d37\files\config.yaml
2022-06-25 02:14:56,883 DEBUG   HandlerThread:10776 [handler.py:handle_request():141] handle_request: stop_status
2022-06-25 02:14:56,883 DEBUG   SenderThread:10776 [sender.py:send_request():249] send_request: stop_status
2022-06-25 02:15:12,212 DEBUG   HandlerThread:10776 [handler.py:handle_request():141] handle_request: stop_status
2022-06-25 02:15:12,212 DEBUG   SenderThread:10776 [sender.py:send_request():249] send_request: stop_status
2022-06-25 02:15:27,598 DEBUG   HandlerThread:10776 [handler.py:handle_request():141] handle_request: stop_status
2022-06-25 02:15:27,599 DEBUG   SenderThread:10776 [sender.py:send_request():249] send_request: stop_status
2022-06-25 02:15:42,908 DEBUG   HandlerThread:10776 [handler.py:handle_request():141] handle_request: stop_status
2022-06-25 02:15:42,908 DEBUG   SenderThread:10776 [sender.py:send_request():249] send_request: stop_status
2022-06-25 02:15:58,329 DEBUG   HandlerThread:10776 [handler.py:handle_request():141] handle_request: stop_status
2022-06-25 02:15:58,329 DEBUG   SenderThread:10776 [sender.py:send_request():249] send_request: stop_status
2022-06-25 02:16:13,895 DEBUG   HandlerThread:10776 [handler.py:handle_request():141] handle_request: stop_status
2022-06-25 02:16:13,895 DEBUG   SenderThread:10776 [sender.py:send_request():249] send_request: stop_status
2022-06-25 02:16:29,351 DEBUG   HandlerThread:10776 [handler.py:handle_request():141] handle_request: stop_status
2022-06-25 02:16:29,351 DEBUG   SenderThread:10776 [sender.py:send_request():249] send_request: stop_status
2022-06-25 02:16:44,667 DEBUG   HandlerThread:10776 [handler.py:handle_request():141] handle_request: stop_status
2022-06-25 02:16:44,667 DEBUG   SenderThread:10776 [sender.py:send_request():249] send_request: stop_status
2022-06-25 02:17:00,068 DEBUG   HandlerThread:10776 [handler.py:handle_request():141] handle_request: stop_status
2022-06-25 02:17:00,069 DEBUG   SenderThread:10776 [sender.py:send_request():249] send_request: stop_status
2022-06-25 02:17:15,435 DEBUG   HandlerThread:10776 [handler.py:handle_request():141] handle_request: stop_status
2022-06-25 02:17:15,436 DEBUG   SenderThread:10776 [sender.py:send_request():249] send_request: stop_status
2022-06-25 02:17:15,884 DEBUG   SenderThread:10776 [sender.py:send():235] send: telemetry
2022-06-25 02:17:15,964 DEBUG   SenderThread:10776 [sender.py:send():235] send: exit
2022-06-25 02:17:15,965 INFO    SenderThread:10776 [sender.py:send_exit():371] handling exit code: 0
2022-06-25 02:17:15,966 INFO    SenderThread:10776 [sender.py:send_exit():373] handling runtime: 29
2022-06-25 02:17:15,973 DEBUG   HandlerThread:10776 [handler.py:handle_request():141] handle_request: poll_exit
2022-06-25 02:17:15,976 INFO    SenderThread:10776 [sender.py:_save_file():949] saving file wandb-summary.json with policy end
2022-06-25 02:17:15,978 INFO    SenderThread:10776 [sender.py:send_exit():379] send defer
2022-06-25 02:17:15,980 DEBUG   SenderThread:10776 [sender.py:send_request():249] send_request: poll_exit
2022-06-25 02:17:15,982 DEBUG   HandlerThread:10776 [handler.py:handle_request():141] handle_request: defer
2022-06-25 02:17:15,984 INFO    HandlerThread:10776 [handler.py:handle_request_defer():164] handle defer: 0
2022-06-25 02:17:15,986 DEBUG   SenderThread:10776 [sender.py:send_request():249] send_request: defer
2022-06-25 02:17:15,988 INFO    SenderThread:10776 [sender.py:send_request_defer():388] handle sender defer: 0
2022-06-25 02:17:15,989 INFO    SenderThread:10776 [sender.py:transition_state():392] send defer: 1
2022-06-25 02:17:15,990 DEBUG   HandlerThread:10776 [handler.py:handle_request():141] handle_request: defer
2022-06-25 02:17:15,991 INFO    HandlerThread:10776 [handler.py:handle_request_defer():164] handle defer: 1
2022-06-25 02:17:15,991 DEBUG   SenderThread:10776 [sender.py:send_request():249] send_request: defer
2022-06-25 02:17:15,991 INFO    SenderThread:10776 [sender.py:send_request_defer():388] handle sender defer: 1
2022-06-25 02:17:15,991 INFO    SenderThread:10776 [sender.py:transition_state():392] send defer: 2
2022-06-25 02:17:15,994 DEBUG   HandlerThread:10776 [handler.py:handle_request():141] handle_request: defer
2022-06-25 02:17:15,994 INFO    HandlerThread:10776 [handler.py:handle_request_defer():164] handle defer: 2
2022-06-25 02:17:15,995 DEBUG   SenderThread:10776 [sender.py:send_request():249] send_request: defer
2022-06-25 02:17:15,995 INFO    SenderThread:10776 [sender.py:send_request_defer():388] handle sender defer: 2
2022-06-25 02:17:15,996 INFO    SenderThread:10776 [sender.py:transition_state():392] send defer: 3
2022-06-25 02:17:15,997 DEBUG   HandlerThread:10776 [handler.py:handle_request():141] handle_request: defer
2022-06-25 02:17:15,998 INFO    HandlerThread:10776 [handler.py:handle_request_defer():164] handle defer: 3
2022-06-25 02:17:15,999 DEBUG   SenderThread:10776 [sender.py:send_request():249] send_request: defer
2022-06-25 02:17:15,999 INFO    SenderThread:10776 [sender.py:send_request_defer():388] handle sender defer: 3
2022-06-25 02:17:15,999 INFO    SenderThread:10776 [sender.py:transition_state():392] send defer: 4
2022-06-25 02:17:16,001 DEBUG   HandlerThread:10776 [handler.py:handle_request():141] handle_request: defer
2022-06-25 02:17:16,001 INFO    HandlerThread:10776 [handler.py:handle_request_defer():164] handle defer: 4
2022-06-25 02:17:16,003 DEBUG   SenderThread:10776 [sender.py:send():235] send: summary
2022-06-25 02:17:16,006 INFO    SenderThread:10776 [sender.py:_save_file():949] saving file wandb-summary.json with policy end
2022-06-25 02:17:16,008 DEBUG   SenderThread:10776 [sender.py:send_request():249] send_request: defer
2022-06-25 02:17:16,008 INFO    SenderThread:10776 [sender.py:send_request_defer():388] handle sender defer: 4
2022-06-25 02:17:16,008 INFO    SenderThread:10776 [sender.py:transition_state():392] send defer: 5
2022-06-25 02:17:16,009 DEBUG   HandlerThread:10776 [handler.py:handle_request():141] handle_request: defer
2022-06-25 02:17:16,009 INFO    HandlerThread:10776 [handler.py:handle_request_defer():164] handle defer: 5
2022-06-25 02:17:16,009 DEBUG   SenderThread:10776 [sender.py:send_request():249] send_request: defer
2022-06-25 02:17:16,010 INFO    SenderThread:10776 [sender.py:send_request_defer():388] handle sender defer: 5
2022-06-25 02:17:16,115 DEBUG   HandlerThread:10776 [handler.py:handle_request():141] handle_request: poll_exit
2022-06-25 02:17:16,394 ERROR   SenderThread:10776 [internal_api.py:execute():143] 409 response executing GraphQL.
2022-06-25 02:17:16,396 ERROR   SenderThread:10776 [internal_api.py:execute():144] {"errors":[{"message":"Error 1062: Duplicate entry '1071744-1l3k1d37' for key 'PRIMARY'","path":["upsertBucket"]}],"data":{"upsertBucket":null}}
2022-06-25 02:17:16,848 INFO    Thread-11 :10776 [dir_watcher.py:_on_file_modified():269] file/dir modified: C:\Users\murth\Desktop\DkIT\Dissertation\Codes\trails\wandb\run-20220625_021352-1l3k1d37\files\wandb-summary.json
2022-06-25 02:17:17,013 INFO    WriterThread:10776 [datastore.py:close():279] close: C:\Users\murth\Desktop\DkIT\Dissertation\Codes\trails\wandb\run-20220625_021352-1l3k1d37\run-1l3k1d37.wandb
2022-06-25 02:17:17,123 INFO    HandlerThread:10776 [handler.py:finish():806] shutting down handler
2022-06-25 02:17:17,123 ERROR   MainThread:10776 [internal.py:wandb_internal():165] Thread SenderThread:
Traceback (most recent call last):
  File "C:\Users\murth\anaconda3\lib\site-packages\wandb\apis\normalize.py", line 22, in wrapper
    return func(*args, **kwargs)
  File "C:\Users\murth\anaconda3\lib\site-packages\wandb\sdk\internal\internal_api.py", line 1319, in upsert_run
    response = self.gql(mutation, variable_values=variable_values, **kwargs)
  File "C:\Users\murth\anaconda3\lib\site-packages\wandb\sdk\lib\retry.py", line 102, in __call__
    result = self._call_fn(*args, **kwargs)
  File "C:\Users\murth\anaconda3\lib\site-packages\wandb\sdk\internal\internal_api.py", line 140, in execute
    return self.client.execute(*args, **kwargs)
  File "C:\Users\murth\anaconda3\lib\site-packages\wandb\vendor\gql-0.2.0\wandb_gql\client.py", line 52, in execute
    result = self._get_result(document, *args, **kwargs)
  File "C:\Users\murth\anaconda3\lib\site-packages\wandb\vendor\gql-0.2.0\wandb_gql\client.py", line 60, in _get_result
    return self.transport.execute(document, *args, **kwargs)
  File "C:\Users\murth\anaconda3\lib\site-packages\wandb\vendor\gql-0.2.0\wandb_gql\transport\requests.py", line 39, in execute
    request.raise_for_status()
  File "C:\Users\murth\anaconda3\lib\site-packages\requests\models.py", line 953, in raise_for_status
    raise HTTPError(http_error_msg, response=self)
requests.exceptions.HTTPError: 409 Client Error: Conflict for url: https://api.wandb.ai/graphql

During handling of the above exception, another exception occurred:

Traceback (most recent call last):
  File "C:\Users\murth\anaconda3\lib\site-packages\wandb\sdk\internal\internal_util.py", line 51, in run
    self._run()
  File "C:\Users\murth\anaconda3\lib\site-packages\wandb\sdk\internal\internal_util.py", line 102, in _run
    self._process(record)
  File "C:\Users\murth\anaconda3\lib\site-packages\wandb\sdk\internal\internal.py", line 310, in _process
    self._sm.send(record)
  File "C:\Users\murth\anaconda3\lib\site-packages\wandb\sdk\internal\sender.py", line 237, in send
    send_handler(record)
  File "C:\Users\murth\anaconda3\lib\site-packages\wandb\sdk\internal\sender.py", line 251, in send_request
    send_handler(record)
  File "C:\Users\murth\anaconda3\lib\site-packages\wandb\sdk\internal\sender.py", line 411, in send_request_defer
    self.debounce()
  File "C:\Users\murth\anaconda3\lib\site-packages\wandb\sdk\internal\sender.py", line 320, in debounce
    self._debounce_config()
  File "C:\Users\murth\anaconda3\lib\site-packages\wandb\sdk\internal\sender.py", line 326, in _debounce_config
    self._api.upsert_run(
  File "C:\Users\murth\anaconda3\lib\site-packages\wandb\apis\normalize.py", line 24, in wrapper
    raise CommError(err.response, err)
wandb.errors.CommError: <Response [409]>
2022-06-25 02:17:19,265 INFO    MainThread:10776 [internal.py:handle_exit():80] Internal process exited
